Removed Pin From Net: NetName=KT_L_H Pin=RLY1-3
Removed Pin From Net: NetName=MOTOR_L_C1 Pin=RLY1-4
Removed Pin From Net: NetName=VBAT Pin=RLY1-5
Removed Pin From Net: NetName=VBAT Pin=RLY1-6
Removed Pin From Net: NetName=MOTOR_L_C2 Pin=RLY1-7
Removed Pin From Net: NetName=KT_L_H Pin=RLY1-8
Removed Pin From Net: NetName=KT_R_H Pin=RLY2-3
Removed Pin From Net: NetName=MOTOR_R_C1 Pin=RLY2-4
Removed Pin From Net: NetName=VBAT Pin=RLY2-5
Removed Pin From Net: NetName=VBAT Pin=RLY2-6
Removed Pin From Net: NetName=MOTOR_R_C2 Pin=RLY2-7
Removed Pin From Net: NetName=KT_R_H Pin=RLY2-8
Added Pin To Net: NetName=VBAT Pin=RLY1-3
Added Pin To Net: NetName=KT_L_H Pin=RLY1-4
Added Pin To Net: NetName=MOTOR_L_C1 Pin=RLY1-5
Added Pin To Net: NetName=KT_L_H Pin=RLY1-6
Added Pin To Net: NetName=VBAT Pin=RLY1-8
Added Pin To Net: NetName=MOTOR_L_C2 Pin=RLY1-10
Added Pin To Net: NetName=VBAT Pin=RLY2-3
Added Pin To Net: NetName=KT_R_H Pin=RLY2-4
Added Pin To Net: NetName=MOTOR_R_C1 Pin=RLY2-5
Added Pin To Net: NetName=KT_R_H Pin=RLY2-6
Added Pin To Net: NetName=VBAT Pin=RLY2-8
Added Pin To Net: NetName=MOTOR_R_C2 Pin=RLY2-10
