Removed Pin From Net: NetName=RELAY_L_1 Pin=U8-13
Removed Pin From Net: NetName=RELAY_L_2 Pin=U8-14
Removed Pin From Net: NetName=RELAY_R_1 Pin=U8-15
Removed Pin From Net: NetName=RELAY_R_2 Pin=U8-16
Removed Pin From Net: NetName=RELAY_L_SENSE_C1 Pin=U8-17
Removed Pin From Net: NetName=RELAY_L_SENSE_C2 Pin=U8-29
Removed Pin From Net: NetName=RELAY_R_SENSE_C1 Pin=U8-30
Removed Pin From Net: NetName=RELAY_R_SENSE_C2 Pin=U8-31
Removed Pin From Net: NetName=VSEN_EN Pin=U8-32
Removed Pin From Net: NetName=VSEN Pin=U8-33
Added Pin To Net: NetName=VSEN_EN Pin=U8-13
Added Pin To Net: NetName=VSEN Pin=U8-14
Added Pin To Net: NetName=RELAY_R_2 Pin=U8-15
Added Pin To Net: NetName=RELAY_R_1 Pin=U8-16
Added Pin To Net: NetName=RELAY_L_1 Pin=U8-17
Added Pin To Net: NetName=RELAY_L_2 Pin=U8-29
Added Pin To Net: NetName=RELAY_L_SENSE_C2 Pin=U8-30
Added Pin To Net: NetName=RELAY_L_SENSE_C1 Pin=U8-31
Added Pin To Net: NetName=RELAY_R_SENSE_C2 Pin=U8-32
Added Pin To Net: NetName=RELAY_R_SENSE_C1 Pin=U8-33
