Removed Pin From Net: NetName=RELAY_L_2B Pin=D4-1
Removed Pin From Net: NetName=RELAY_L_1B Pin=D4-2
Removed Pin From Net: NetName=RELAY_R_2B Pin=D5-1
Removed Pin From Net: NetName=RELAY_R_1B Pin=D5-2
Removed Pin From Net: NetName=RELAY_L_2B Pin=Q1-3
Removed Pin From Net: NetName=RELAY_L_1B Pin=Q2-3
Removed Pin From Net: NetName=RELAY_R_2B Pin=Q3-3
Removed Pin From Net: NetName=RELAY_R_1B Pin=Q4-3
Removed Pin From Net: NetName=RELAY_L_C2 Pin=R7-1
Removed Pin From Net: NetName=RELAY_L_C1 Pin=R8-1
Removed Pin From Net: NetName=RELAY_R_C2 Pin=R9-1
Removed Pin From Net: NetName=RELAY_R_C1 Pin=R10-1
Added Pin To Net: NetName=RELAY_L_1B Pin=D4-1
Added Pin To Net: NetName=RELAY_L_2B Pin=D4-2
Added Pin To Net: NetName=RELAY_R_1B Pin=D5-1
Added Pin To Net: NetName=RELAY_R_2B Pin=D5-2
Added Pin To Net: NetName=RELAY_L_1B Pin=Q1-3
Added Pin To Net: NetName=RELAY_L_2B Pin=Q2-3
Added Pin To Net: NetName=RELAY_R_1B Pin=Q3-3
Added Pin To Net: NetName=RELAY_R_2B Pin=Q4-3
Added Pin To Net: NetName=RELAY_L_C1 Pin=R7-1
Added Pin To Net: NetName=RELAY_L_C2 Pin=R8-1
Added Pin To Net: NetName=RELAY_R_C1 Pin=R9-1
Added Pin To Net: NetName=RELAY_R_C2 Pin=R10-1
